using device cuda
save model to dqn
Episode: 0 | Steps: 162/3000000 | Avg reward: 0.600000 | loss: 0.000000 
save model to dqn_best
Episode: 10 | Steps: 1657/3000000 | Avg reward: 3.800000 | loss: 0.000000 
save model to dqn_best
Episode: 20 | Steps: 3146/3000000 | Avg reward: 4.800000 | loss: 0.000000 
save model to dqn_best
Episode: 30 | Steps: 4751/3000000 | Avg reward: 3.600000 | loss: 0.000000 
Episode: 40 | Steps: 6200/3000000 | Avg reward: 4.500000 | loss: 0.000000 
Episode: 50 | Steps: 7773/3000000 | Avg reward: 3.800000 | loss: 0.000000 
Episode: 60 | Steps: 8619/3000000 | Avg reward: 2.200000 | loss: 0.000000 
Episode: 70 | Steps: 10069/3000000 | Avg reward: 3.300000 | loss: 0.010120 
Episode: 80 | Steps: 11558/3000000 | Avg reward: 2.100000 | loss: 0.001475 
Episode: 90 | Steps: 13258/3000000 | Avg reward: 3.900000 | loss: 0.053255 
Episode: 100 | Steps: 14400/3000000 | Avg reward: 2.700000 | loss: 0.001785 
Episode: 110 | Steps: 15574/3000000 | Avg reward: 2.200000 | loss: 0.007357 
Episode: 120 | Steps: 16815/3000000 | Avg reward: 2.300000 | loss: 0.002242 
Episode: 130 | Steps: 18088/3000000 | Avg reward: 3.000000 | loss: 0.007093 
Episode: 140 | Steps: 19812/3000000 | Avg reward: 3.000000 | loss: 0.005045 
Episode: 150 | Steps: 21154/3000000 | Avg reward: 3.300000 | loss: 0.013126 
Episode: 160 | Steps: 22521/3000000 | Avg reward: 2.500000 | loss: 0.015064 
Episode: 170 | Steps: 24008/3000000 | Avg reward: 2.800000 | loss: 0.018463 
Episode: 180 | Steps: 25346/3000000 | Avg reward: 2.900000 | loss: 0.030409 
Episode: 190 | Steps: 26566/3000000 | Avg reward: 2.500000 | loss: 0.019918 
Episode: 200 | Steps: 28151/3000000 | Avg reward: 3.300000 | loss: 0.030162 
Episode: 210 | Steps: 29564/3000000 | Avg reward: 2.800000 | loss: 0.012246 
Episode: 220 | Steps: 30978/3000000 | Avg reward: 2.400000 | loss: 0.032347 
Episode: 230 | Steps: 31946/3000000 | Avg reward: 1.900000 | loss: 0.014493 
Episode: 240 | Steps: 33126/3000000 | Avg reward: 2.700000 | loss: 0.021100 
Episode: 250 | Steps: 34121/3000000 | Avg reward: 1.800000 | loss: 0.015130 
Episode: 260 | Steps: 35645/3000000 | Avg reward: 3.300000 | loss: 0.056562 
Episode: 270 | Steps: 36937/3000000 | Avg reward: 3.200000 | loss: 0.035279 
Episode: 280 | Steps: 38430/3000000 | Avg reward: 2.500000 | loss: 0.037841 
Episode: 290 | Steps: 39769/3000000 | Avg reward: 2.600000 | loss: 0.022944 
Episode: 300 | Steps: 41180/3000000 | Avg reward: 3.500000 | loss: 0.020162 
Episode: 310 | Steps: 42530/3000000 | Avg reward: 2.600000 | loss: 0.019654 
Episode: 320 | Steps: 44199/3000000 | Avg reward: 3.600000 | loss: 0.022311 
Episode: 330 | Steps: 45172/3000000 | Avg reward: 1.700000 | loss: 0.043648 
Episode: 340 | Steps: 46571/3000000 | Avg reward: 2.800000 | loss: 0.023157 
Episode: 350 | Steps: 48069/3000000 | Avg reward: 3.300000 | loss: 0.026290 
Episode: 360 | Steps: 49536/3000000 | Avg reward: 3.600000 | loss: 0.036668 
Episode: 370 | Steps: 51076/3000000 | Avg reward: 3.000000 | loss: 0.024871 
Episode: 380 | Steps: 52538/3000000 | Avg reward: 3.200000 | loss: 0.026043 
Episode: 390 | Steps: 54325/3000000 | Avg reward: 4.000000 | loss: 0.026445 
Episode: 400 | Steps: 55948/3000000 | Avg reward: 3.800000 | loss: 0.050848 
Episode: 410 | Steps: 57116/3000000 | Avg reward: 2.500000 | loss: 0.032410 
Episode: 420 | Steps: 58648/3000000 | Avg reward: 3.000000 | loss: 0.016066 
Episode: 430 | Steps: 60064/3000000 | Avg reward: 2.800000 | loss: 0.050323 
Episode: 440 | Steps: 61630/3000000 | Avg reward: 3.500000 | loss: 0.011706 
Episode: 450 | Steps: 62843/3000000 | Avg reward: 2.700000 | loss: 0.029117 
Episode: 460 | Steps: 64305/3000000 | Avg reward: 2.500000 | loss: 0.040200 
Episode: 470 | Steps: 66025/3000000 | Avg reward: 3.500000 | loss: 0.020929 
Episode: 480 | Steps: 67686/3000000 | Avg reward: 4.300000 | loss: 0.020779 
Episode: 490 | Steps: 69237/3000000 | Avg reward: 3.600000 | loss: 0.025005 
Episode: 500 | Steps: 71143/3000000 | Avg reward: 4.500000 | loss: 0.026683 
Episode: 510 | Steps: 72762/3000000 | Avg reward: 3.700000 | loss: 0.022484 
Episode: 520 | Steps: 74475/3000000 | Avg reward: 3.300000 | loss: 0.011042 
Episode: 530 | Steps: 76195/3000000 | Avg reward: 3.800000 | loss: 0.016446 
Episode: 540 | Steps: 77633/3000000 | Avg reward: 2.900000 | loss: 0.018957 
Episode: 550 | Steps: 79072/3000000 | Avg reward: 2.900000 | loss: 0.016696 
Episode: 560 | Steps: 80471/3000000 | Avg reward: 3.700000 | loss: 0.032373 
Episode: 570 | Steps: 81923/3000000 | Avg reward: 3.000000 | loss: 0.021771 
Episode: 580 | Steps: 83254/3000000 | Avg reward: 3.800000 | loss: 0.018823 
Episode: 590 | Steps: 84592/3000000 | Avg reward: 2.300000 | loss: 0.010930 
Episode: 600 | Steps: 85835/3000000 | Avg reward: 2.200000 | loss: 0.034036 
Episode: 610 | Steps: 87172/3000000 | Avg reward: 2.500000 | loss: 0.042527 
Episode: 620 | Steps: 88696/3000000 | Avg reward: 2.900000 | loss: 0.032412 
Episode: 630 | Steps: 90123/3000000 | Avg reward: 2.700000 | loss: 0.020071 
Episode: 640 | Steps: 91549/3000000 | Avg reward: 3.300000 | loss: 0.013538 
Episode: 650 | Steps: 92940/3000000 | Avg reward: 3.300000 | loss: 0.017938 
Episode: 660 | Steps: 94689/3000000 | Avg reward: 2.900000 | loss: 0.020618 
Episode: 670 | Steps: 96288/3000000 | Avg reward: 3.300000 | loss: 0.027609 
Episode: 680 | Steps: 97957/3000000 | Avg reward: 4.000000 | loss: 0.023842 
Episode: 690 | Steps: 99585/3000000 | Avg reward: 3.600000 | loss: 0.031751 
Episode: 700 | Steps: 101275/3000000 | Avg reward: 4.300000 | loss: 0.025836 
Episode: 710 | Steps: 103058/3000000 | Avg reward: 4.300000 | loss: 0.025717 
Episode: 720 | Steps: 104506/3000000 | Avg reward: 3.400000 | loss: 0.019223 
Episode: 730 | Steps: 105712/3000000 | Avg reward: 2.500000 | loss: 0.033031 
Episode: 740 | Steps: 107220/3000000 | Avg reward: 3.400000 | loss: 0.028880 
Episode: 750 | Steps: 108762/3000000 | Avg reward: 3.800000 | loss: 0.024353 
Episode: 760 | Steps: 110684/3000000 | Avg reward: 4.500000 | loss: 0.020607 
Episode: 770 | Steps: 112952/3000000 | Avg reward: 4.500000 | loss: 0.052877 
Episode: 780 | Steps: 114702/3000000 | Avg reward: 3.900000 | loss: 0.027341 
Episode: 790 | Steps: 116621/3000000 | Avg reward: 3.400000 | loss: 0.019309 
Episode: 800 | Steps: 118158/3000000 | Avg reward: 3.500000 | loss: 0.016071 
Episode: 810 | Steps: 120155/3000000 | Avg reward: 4.500000 | loss: 0.047190 
Episode: 820 | Steps: 121977/3000000 | Avg reward: 4.300000 | loss: 0.026477 
Episode: 830 | Steps: 123635/3000000 | Avg reward: 3.400000 | loss: 0.032470 
Episode: 840 | Steps: 125253/3000000 | Avg reward: 3.600000 | loss: 0.024861 
Episode: 850 | Steps: 126747/3000000 | Avg reward: 3.400000 | loss: 0.023946 
Episode: 860 | Steps: 128448/3000000 | Avg reward: 4.200000 | loss: 0.028631 
Episode: 870 | Steps: 130189/3000000 | Avg reward: 5.500000 | loss: 0.063318 
save model to dqn_best
Episode: 880 | Steps: 131427/3000000 | Avg reward: 3.300000 | loss: 0.172698 
Episode: 890 | Steps: 133127/3000000 | Avg reward: 4.500000 | loss: 0.120569 
Episode: 900 | Steps: 134621/3000000 | Avg reward: 3.700000 | loss: 0.145995 
Episode: 910 | Steps: 135992/3000000 | Avg reward: 3.200000 | loss: 0.024237 
Episode: 920 | Steps: 137874/3000000 | Avg reward: 5.600000 | loss: 0.021852 
save model to dqn_best
Episode: 930 | Steps: 139277/3000000 | Avg reward: 2.600000 | loss: 0.047526 
Episode: 940 | Steps: 141686/3000000 | Avg reward: 5.300000 | loss: 0.023446 
Episode: 950 | Steps: 143462/3000000 | Avg reward: 4.400000 | loss: 0.067814 
Episode: 960 | Steps: 145071/3000000 | Avg reward: 3.300000 | loss: 0.059195 
Episode: 970 | Steps: 146739/3000000 | Avg reward: 4.300000 | loss: 0.045777 
Episode: 980 | Steps: 148615/3000000 | Avg reward: 5.000000 | loss: 0.027579 
Episode: 990 | Steps: 150703/3000000 | Avg reward: 5.400000 | loss: 0.023802 
Episode: 1000 | Steps: 152795/3000000 | Avg reward: 5.000000 | loss: 0.025239 
Episode: 1010 | Steps: 154880/3000000 | Avg reward: 4.700000 | loss: 0.034330 
Episode: 1020 | Steps: 156857/3000000 | Avg reward: 4.400000 | loss: 0.057770 
Episode: 1030 | Steps: 158864/3000000 | Avg reward: 5.600000 | loss: 0.030615 
Episode: 1040 | Steps: 160570/3000000 | Avg reward: 4.500000 | loss: 0.031218 
Episode: 1050 | Steps: 162959/3000000 | Avg reward: 5.200000 | loss: 0.041285 
Episode: 1060 | Steps: 164340/3000000 | Avg reward: 3.800000 | loss: 0.028344 
Episode: 1070 | Steps: 166207/3000000 | Avg reward: 4.100000 | loss: 0.048448 
Episode: 1080 | Steps: 168648/3000000 | Avg reward: 6.300000 | loss: 0.028093 
save model to dqn_best
Episode: 1090 | Steps: 170326/3000000 | Avg reward: 4.700000 | loss: 0.062091 
Episode: 1100 | Steps: 172889/3000000 | Avg reward: 6.800000 | loss: 0.039345 
save model to dqn_best
Episode: 1110 | Steps: 174822/3000000 | Avg reward: 5.000000 | loss: 0.042260 
Episode: 1120 | Steps: 176636/3000000 | Avg reward: 6.300000 | loss: 0.049847 
Episode: 1130 | Steps: 179282/3000000 | Avg reward: 5.600000 | loss: 0.027589 
Episode: 1140 | Steps: 180830/3000000 | Avg reward: 4.200000 | loss: 0.044754 
Episode: 1150 | Steps: 183330/3000000 | Avg reward: 6.400000 | loss: 0.034011 
Episode: 1160 | Steps: 186031/3000000 | Avg reward: 8.000000 | loss: 0.045180 
save model to dqn_best
Episode: 1170 | Steps: 188454/3000000 | Avg reward: 7.800000 | loss: 0.014969 
Episode: 1180 | Steps: 191199/3000000 | Avg reward: 6.000000 | loss: 0.035574 
Episode: 1190 | Steps: 193687/3000000 | Avg reward: 6.200000 | loss: 0.064231 
Episode: 1200 | Steps: 195820/3000000 | Avg reward: 6.100000 | loss: 0.063224 
Episode: 1210 | Steps: 198249/3000000 | Avg reward: 6.200000 | loss: 0.020411 
save model to dqn
Episode: 1220 | Steps: 201401/3000000 | Avg reward: 7.800000 | loss: 0.009512 
Episode: 1230 | Steps: 203629/3000000 | Avg reward: 6.400000 | loss: 0.038649 
Episode: 1240 | Steps: 206044/3000000 | Avg reward: 7.500000 | loss: 0.035285 
Episode: 1250 | Steps: 209336/3000000 | Avg reward: 7.400000 | loss: 0.024061 
Episode: 1260 | Steps: 212743/3000000 | Avg reward: 8.300000 | loss: 0.016098 
save model to dqn_best
Episode: 1270 | Steps: 215003/3000000 | Avg reward: 5.600000 | loss: 0.077115 
Episode: 1280 | Steps: 217267/3000000 | Avg reward: 5.700000 | loss: 0.134601 
Episode: 1290 | Steps: 219614/3000000 | Avg reward: 5.100000 | loss: 0.033650 
Episode: 1300 | Steps: 221792/3000000 | Avg reward: 5.600000 | loss: 0.014192 
Episode: 1310 | Steps: 224030/3000000 | Avg reward: 5.300000 | loss: 0.026896 
Episode: 1320 | Steps: 227128/3000000 | Avg reward: 8.000000 | loss: 0.027534 
Episode: 1330 | Steps: 230280/3000000 | Avg reward: 6.600000 | loss: 0.015817 
Episode: 1340 | Steps: 232406/3000000 | Avg reward: 5.300000 | loss: 0.014136 
Episode: 1350 | Steps: 235130/3000000 | Avg reward: 5.400000 | loss: 0.020478 
Episode: 1360 | Steps: 237213/3000000 | Avg reward: 5.000000 | loss: 0.012929 
Episode: 1370 | Steps: 240255/3000000 | Avg reward: 7.200000 | loss: 0.041842 
Episode: 1380 | Steps: 242620/3000000 | Avg reward: 5.800000 | loss: 0.023582 
Episode: 1390 | Steps: 245541/3000000 | Avg reward: 6.400000 | loss: 0.059719 
Episode: 1400 | Steps: 249081/3000000 | Avg reward: 8.700000 | loss: 0.101747 
save model to dqn_best
Episode: 1410 | Steps: 251600/3000000 | Avg reward: 6.500000 | loss: 0.095719 
Episode: 1420 | Steps: 253543/3000000 | Avg reward: 4.600000 | loss: 0.031630 
Episode: 1430 | Steps: 256713/3000000 | Avg reward: 7.700000 | loss: 0.029532 
Episode: 1440 | Steps: 259982/3000000 | Avg reward: 8.300000 | loss: 0.038121 
Episode: 1450 | Steps: 262294/3000000 | Avg reward: 5.400000 | loss: 0.021764 
Episode: 1460 | Steps: 265589/3000000 | Avg reward: 8.400000 | loss: 0.035017 
Episode: 1470 | Steps: 269012/3000000 | Avg reward: 7.900000 | loss: 0.086636 
Episode: 1480 | Steps: 271923/3000000 | Avg reward: 6.700000 | loss: 0.020761 
Episode: 1490 | Steps: 274456/3000000 | Avg reward: 6.900000 | loss: 0.043970 
Episode: 1500 | Steps: 277771/3000000 | Avg reward: 8.300000 | loss: 0.111044 
Episode: 1510 | Steps: 280212/3000000 | Avg reward: 5.700000 | loss: 0.032438 
Episode: 1520 | Steps: 282532/3000000 | Avg reward: 5.900000 | loss: 0.031550 
Episode: 1530 | Steps: 285459/3000000 | Avg reward: 7.000000 | loss: 0.023832 
Episode: 1540 | Steps: 288241/3000000 | Avg reward: 6.900000 | loss: 0.036823 
Episode: 1550 | Steps: 290967/3000000 | Avg reward: 7.400000 | loss: 0.095263 
Episode: 1560 | Steps: 293818/3000000 | Avg reward: 6.600000 | loss: 0.032517 
Episode: 1570 | Steps: 296785/3000000 | Avg reward: 7.100000 | loss: 0.012844 
Episode: 1580 | Steps: 299260/3000000 | Avg reward: 5.900000 | loss: 0.061994 
Episode: 1590 | Steps: 301337/3000000 | Avg reward: 5.000000 | loss: 0.016499 
Episode: 1600 | Steps: 304060/3000000 | Avg reward: 7.000000 | loss: 0.020889 
Episode: 1610 | Steps: 306986/3000000 | Avg reward: 7.800000 | loss: 0.032583 
Episode: 1620 | Steps: 309317/3000000 | Avg reward: 6.100000 | loss: 0.026495 
Episode: 1630 | Steps: 312193/3000000 | Avg reward: 7.300000 | loss: 0.019738 
Episode: 1640 | Steps: 314646/3000000 | Avg reward: 6.400000 | loss: 0.024191 
Episode: 1650 | Steps: 317090/3000000 | Avg reward: 5.200000 | loss: 0.059433 
Episode: 1660 | Steps: 319287/3000000 | Avg reward: 5.800000 | loss: 0.024007 
Episode: 1670 | Steps: 322133/3000000 | Avg reward: 6.200000 | loss: 0.132174 
Episode: 1680 | Steps: 324764/3000000 | Avg reward: 6.500000 | loss: 0.046915 
Episode: 1690 | Steps: 327354/3000000 | Avg reward: 5.400000 | loss: 0.038209 
Episode: 1700 | Steps: 329621/3000000 | Avg reward: 6.400000 | loss: 0.017988 
Episode: 1710 | Steps: 332430/3000000 | Avg reward: 7.600000 | loss: 0.026448 
Episode: 1720 | Steps: 335599/3000000 | Avg reward: 9.000000 | loss: 0.034095 
save model to dqn_best
Episode: 1730 | Steps: 339122/3000000 | Avg reward: 10.200000 | loss: 0.023950 
save model to dqn_best
Episode: 1740 | Steps: 342730/3000000 | Avg reward: 8.600000 | loss: 0.022667 
Episode: 1750 | Steps: 345987/3000000 | Avg reward: 7.100000 | loss: 0.022582 
Episode: 1760 | Steps: 349494/3000000 | Avg reward: 8.200000 | loss: 0.039011 
Episode: 1770 | Steps: 352740/3000000 | Avg reward: 8.800000 | loss: 0.102055 
Episode: 1780 | Steps: 355786/3000000 | Avg reward: 8.100000 | loss: 0.031957 
Episode: 1790 | Steps: 359352/3000000 | Avg reward: 9.300000 | loss: 0.024983 
Episode: 1800 | Steps: 362055/3000000 | Avg reward: 7.700000 | loss: 0.026941 
Episode: 1810 | Steps: 365277/3000000 | Avg reward: 9.400000 | loss: 0.038597 
Episode: 1820 | Steps: 373364/3000000 | Avg reward: 15.400000 | loss: 0.031512 
save model to dqn_best
Episode: 1830 | Steps: 376448/3000000 | Avg reward: 8.100000 | loss: 0.034453 
Episode: 1840 | Steps: 379319/3000000 | Avg reward: 7.700000 | loss: 0.026593 
Episode: 1850 | Steps: 382083/3000000 | Avg reward: 7.000000 | loss: 0.062167 
Episode: 1860 | Steps: 384901/3000000 | Avg reward: 8.100000 | loss: 0.031752 
Episode: 1870 | Steps: 387945/3000000 | Avg reward: 8.000000 | loss: 0.033106 
Episode: 1880 | Steps: 390811/3000000 | Avg reward: 7.400000 | loss: 0.024313 
Episode: 1890 | Steps: 394171/3000000 | Avg reward: 8.700000 | loss: 0.073688 
Episode: 1900 | Steps: 396959/3000000 | Avg reward: 8.300000 | loss: 0.036175 
Episode: 1910 | Steps: 399748/3000000 | Avg reward: 6.200000 | loss: 0.105733 
save model to dqn
Episode: 1920 | Steps: 403333/3000000 | Avg reward: 10.300000 | loss: 0.108414 
Episode: 1930 | Steps: 405954/3000000 | Avg reward: 7.200000 | loss: 0.090348 
Episode: 1940 | Steps: 408414/3000000 | Avg reward: 5.600000 | loss: 0.026195 
Episode: 1950 | Steps: 410712/3000000 | Avg reward: 5.400000 | loss: 0.033383 
Episode: 1960 | Steps: 412893/3000000 | Avg reward: 6.200000 | loss: 0.035783 
Episode: 1970 | Steps: 416343/3000000 | Avg reward: 10.400000 | loss: 0.039970 
Episode: 1980 | Steps: 419325/3000000 | Avg reward: 8.400000 | loss: 0.021255 
Episode: 1990 | Steps: 422701/3000000 | Avg reward: 9.400000 | loss: 0.021991 
Episode: 2000 | Steps: 424844/3000000 | Avg reward: 6.300000 | loss: 0.012859 
Episode: 2010 | Steps: 428374/3000000 | Avg reward: 10.500000 | loss: 0.136078 
Episode: 2020 | Steps: 432318/3000000 | Avg reward: 11.000000 | loss: 0.039030 
Episode: 2030 | Steps: 434269/3000000 | Avg reward: 5.700000 | loss: 0.020911 
Episode: 2040 | Steps: 436794/3000000 | Avg reward: 6.700000 | loss: 0.034846 
Episode: 2050 | Steps: 440270/3000000 | Avg reward: 9.800000 | loss: 0.020635 
Episode: 2060 | Steps: 442957/3000000 | Avg reward: 7.400000 | loss: 0.026083 
Episode: 2070 | Steps: 445794/3000000 | Avg reward: 7.900000 | loss: 0.026116 
Episode: 2080 | Steps: 449417/3000000 | Avg reward: 9.400000 | loss: 0.021096 
Episode: 2090 | Steps: 452340/3000000 | Avg reward: 7.000000 | loss: 0.031707 
Episode: 2100 | Steps: 455110/3000000 | Avg reward: 7.800000 | loss: 0.041907 
Episode: 2110 | Steps: 458340/3000000 | Avg reward: 8.300000 | loss: 0.034987 
Episode: 2120 | Steps: 460696/3000000 | Avg reward: 6.700000 | loss: 0.032952 
Episode: 2130 | Steps: 463438/3000000 | Avg reward: 8.200000 | loss: 0.050092 
Episode: 2140 | Steps: 466433/3000000 | Avg reward: 9.100000 | loss: 0.027899 
Episode: 2150 | Steps: 469496/3000000 | Avg reward: 9.300000 | loss: 0.145025 
Episode: 2160 | Steps: 472579/3000000 | Avg reward: 7.400000 | loss: 0.031083 
Episode: 2170 | Steps: 475526/3000000 | Avg reward: 7.600000 | loss: 0.050522 
Episode: 2180 | Steps: 479259/3000000 | Avg reward: 10.400000 | loss: 0.025172 
Episode: 2190 | Steps: 482843/3000000 | Avg reward: 10.700000 | loss: 0.025491 
Episode: 2200 | Steps: 486504/3000000 | Avg reward: 9.700000 | loss: 0.036197 
Episode: 2210 | Steps: 489124/3000000 | Avg reward: 7.700000 | loss: 0.029512 
Episode: 2220 | Steps: 491855/3000000 | Avg reward: 8.000000 | loss: 0.037907 
Episode: 2230 | Steps: 494903/3000000 | Avg reward: 9.500000 | loss: 0.035504 
Episode: 2240 | Steps: 498634/3000000 | Avg reward: 13.000000 | loss: 0.030488 
Episode: 2250 | Steps: 504917/3000000 | Avg reward: 15.100000 | loss: 0.035345 
Episode: 2260 | Steps: 507724/3000000 | Avg reward: 9.000000 | loss: 0.149934 
Episode: 2270 | Steps: 510704/3000000 | Avg reward: 8.900000 | loss: 0.018577 
Episode: 2280 | Steps: 513228/3000000 | Avg reward: 8.000000 | loss: 0.028309 
Episode: 2290 | Steps: 516811/3000000 | Avg reward: 11.500000 | loss: 0.033263 
Episode: 2300 | Steps: 520916/3000000 | Avg reward: 9.900000 | loss: 0.028050 
Episode: 2310 | Steps: 524162/3000000 | Avg reward: 9.000000 | loss: 0.028329 
Episode: 2320 | Steps: 526814/3000000 | Avg reward: 7.600000 | loss: 0.019740 
Episode: 2330 | Steps: 529065/3000000 | Avg reward: 7.800000 | loss: 0.029422 
Episode: 2340 | Steps: 532618/3000000 | Avg reward: 12.200000 | loss: 0.066355 
Episode: 2350 | Steps: 536689/3000000 | Avg reward: 10.900000 | loss: 0.044649 
Episode: 2360 | Steps: 542664/3000000 | Avg reward: 16.000000 | loss: 0.018219 
save model to dqn_best
Episode: 2370 | Steps: 544377/3000000 | Avg reward: 4.700000 | loss: 0.037722 
Episode: 2380 | Steps: 547635/3000000 | Avg reward: 8.800000 | loss: 0.017577 
Episode: 2390 | Steps: 551597/3000000 | Avg reward: 13.300000 | loss: 0.021787 
Episode: 2400 | Steps: 554183/3000000 | Avg reward: 8.200000 | loss: 0.066628 
Episode: 2410 | Steps: 556859/3000000 | Avg reward: 9.800000 | loss: 0.031350 
Episode: 2420 | Steps: 559904/3000000 | Avg reward: 8.900000 | loss: 0.046261 
Episode: 2430 | Steps: 562446/3000000 | Avg reward: 7.500000 | loss: 0.105273 
Episode: 2440 | Steps: 565028/3000000 | Avg reward: 8.700000 | loss: 0.033553 
Episode: 2450 | Steps: 566948/3000000 | Avg reward: 7.500000 | loss: 0.034962 
Episode: 2460 | Steps: 570341/3000000 | Avg reward: 11.500000 | loss: 0.037292 
Episode: 2470 | Steps: 572435/3000000 | Avg reward: 6.200000 | loss: 0.071780 
Episode: 2480 | Steps: 575829/3000000 | Avg reward: 10.900000 | loss: 0.042548 
Episode: 2490 | Steps: 578988/3000000 | Avg reward: 10.000000 | loss: 0.035340 
Episode: 2500 | Steps: 582647/3000000 | Avg reward: 11.600000 | loss: 0.031064 
Episode: 2510 | Steps: 584794/3000000 | Avg reward: 6.400000 | loss: 0.044830 
Episode: 2520 | Steps: 587345/3000000 | Avg reward: 8.600000 | loss: 0.043658 
Episode: 2530 | Steps: 590298/3000000 | Avg reward: 9.000000 | loss: 0.035306 
Episode: 2540 | Steps: 594390/3000000 | Avg reward: 11.100000 | loss: 0.058714 
Episode: 2550 | Steps: 596671/3000000 | Avg reward: 7.200000 | loss: 0.248992 
save model to dqn
Episode: 2560 | Steps: 600480/3000000 | Avg reward: 12.400000 | loss: 0.038847 
Episode: 2570 | Steps: 604344/3000000 | Avg reward: 10.200000 | loss: 0.070730 
Episode: 2580 | Steps: 607667/3000000 | Avg reward: 9.200000 | loss: 0.048051 
Episode: 2590 | Steps: 611196/3000000 | Avg reward: 9.600000 | loss: 0.072753 
Episode: 2600 | Steps: 613929/3000000 | Avg reward: 8.400000 | loss: 0.016519 
Episode: 2610 | Steps: 616927/3000000 | Avg reward: 7.600000 | loss: 0.013066 
Episode: 2620 | Steps: 619871/3000000 | Avg reward: 8.500000 | loss: 0.018145 
Episode: 2630 | Steps: 622930/3000000 | Avg reward: 9.100000 | loss: 0.029217 
Episode: 2640 | Steps: 625731/3000000 | Avg reward: 7.800000 | loss: 0.033695 
Episode: 2650 | Steps: 628997/3000000 | Avg reward: 10.400000 | loss: 0.038899 
Episode: 2660 | Steps: 631886/3000000 | Avg reward: 6.400000 | loss: 0.227949 
Episode: 2670 | Steps: 634933/3000000 | Avg reward: 9.300000 | loss: 0.014009 
Episode: 2680 | Steps: 639117/3000000 | Avg reward: 10.700000 | loss: 0.008421 
Episode: 2690 | Steps: 642735/3000000 | Avg reward: 9.600000 | loss: 0.053742 
Episode: 2700 | Steps: 646060/3000000 | Avg reward: 8.900000 | loss: 0.116454 
Episode: 2710 | Steps: 649269/3000000 | Avg reward: 10.200000 | loss: 0.043643 
Episode: 2720 | Steps: 654035/3000000 | Avg reward: 12.800000 | loss: 0.019703 
Episode: 2730 | Steps: 656790/3000000 | Avg reward: 7.500000 | loss: 0.054117 
Episode: 2740 | Steps: 661000/3000000 | Avg reward: 11.900000 | loss: 0.048091 
Episode: 2750 | Steps: 663860/3000000 | Avg reward: 9.000000 | loss: 0.038830 
Episode: 2760 | Steps: 667319/3000000 | Avg reward: 11.800000 | loss: 0.082979 
Episode: 2770 | Steps: 671328/3000000 | Avg reward: 12.000000 | loss: 0.031797 
Episode: 2780 | Steps: 675661/3000000 | Avg reward: 13.300000 | loss: 0.017013 
Episode: 2790 | Steps: 679128/3000000 | Avg reward: 10.700000 | loss: 0.017182 
Episode: 2800 | Steps: 682215/3000000 | Avg reward: 10.500000 | loss: 0.024019 
Episode: 2810 | Steps: 685917/3000000 | Avg reward: 13.700000 | loss: 0.046879 
Episode: 2820 | Steps: 691630/3000000 | Avg reward: 16.300000 | loss: 0.065472 
save model to dqn_best
Episode: 2830 | Steps: 695459/3000000 | Avg reward: 10.800000 | loss: 0.015143 
Episode: 2840 | Steps: 698113/3000000 | Avg reward: 6.400000 | loss: 0.047005 
Episode: 2850 | Steps: 701843/3000000 | Avg reward: 9.400000 | loss: 0.287118 
Episode: 2860 | Steps: 704796/3000000 | Avg reward: 9.400000 | loss: 0.021568 
Episode: 2870 | Steps: 707673/3000000 | Avg reward: 9.900000 | loss: 0.143693 
Episode: 2880 | Steps: 710609/3000000 | Avg reward: 8.100000 | loss: 0.202263 
Episode: 2890 | Steps: 715110/3000000 | Avg reward: 13.000000 | loss: 0.040479 
Episode: 2900 | Steps: 718743/3000000 | Avg reward: 11.500000 | loss: 0.023479 
Episode: 2910 | Steps: 721123/3000000 | Avg reward: 6.900000 | loss: 0.018106 
Episode: 2920 | Steps: 724055/3000000 | Avg reward: 9.100000 | loss: 0.070566 
Episode: 2930 | Steps: 727291/3000000 | Avg reward: 10.000000 | loss: 0.032648 
Episode: 2940 | Steps: 731581/3000000 | Avg reward: 12.600000 | loss: 0.053561 
Episode: 2950 | Steps: 734589/3000000 | Avg reward: 10.400000 | loss: 0.049922 
Episode: 2960 | Steps: 738184/3000000 | Avg reward: 10.700000 | loss: 0.018128 
Episode: 2970 | Steps: 741893/3000000 | Avg reward: 11.500000 | loss: 0.029867 
Episode: 2980 | Steps: 746395/3000000 | Avg reward: 14.600000 | loss: 0.024730 
Episode: 2990 | Steps: 748378/3000000 | Avg reward: 6.900000 | loss: 0.024395 
Episode: 3000 | Steps: 750733/3000000 | Avg reward: 8.000000 | loss: 0.031391 
Episode: 3010 | Steps: 753573/3000000 | Avg reward: 9.200000 | loss: 0.033786 
Episode: 3020 | Steps: 757365/3000000 | Avg reward: 10.200000 | loss: 0.035308 
Episode: 3030 | Steps: 760124/3000000 | Avg reward: 7.700000 | loss: 0.025610 
Episode: 3040 | Steps: 763797/3000000 | Avg reward: 11.800000 | loss: 0.038988 
Episode: 3050 | Steps: 768152/3000000 | Avg reward: 12.200000 | loss: 0.016991 
Episode: 3060 | Steps: 772470/3000000 | Avg reward: 10.700000 | loss: 0.036161 
Episode: 3070 | Steps: 775575/3000000 | Avg reward: 8.600000 | loss: 0.040926 
Episode: 3080 | Steps: 777936/3000000 | Avg reward: 7.100000 | loss: 0.037706 
Episode: 3090 | Steps: 779844/3000000 | Avg reward: 6.100000 | loss: 0.259001 
Episode: 3100 | Steps: 783866/3000000 | Avg reward: 10.800000 | loss: 0.032237 
Episode: 3110 | Steps: 786374/3000000 | Avg reward: 8.300000 | loss: 0.026694 
Episode: 3120 | Steps: 789088/3000000 | Avg reward: 9.100000 | loss: 0.041369 
Episode: 3130 | Steps: 791967/3000000 | Avg reward: 10.300000 | loss: 0.029447 
Episode: 3140 | Steps: 795592/3000000 | Avg reward: 12.400000 | loss: 0.052378 
Episode: 3150 | Steps: 798449/3000000 | Avg reward: 9.300000 | loss: 0.023627 
save model to dqn
Episode: 3160 | Steps: 801503/3000000 | Avg reward: 10.500000 | loss: 0.037983 
Episode: 3170 | Steps: 804097/3000000 | Avg reward: 8.300000 | loss: 0.085580 
Episode: 3180 | Steps: 809510/3000000 | Avg reward: 15.700000 | loss: 0.023807 
Episode: 3190 | Steps: 811675/3000000 | Avg reward: 7.100000 | loss: 0.016719 
Episode: 3200 | Steps: 815003/3000000 | Avg reward: 11.300000 | loss: 0.021575 
Episode: 3210 | Steps: 817841/3000000 | Avg reward: 8.900000 | loss: 0.019744 
Episode: 3220 | Steps: 820914/3000000 | Avg reward: 10.400000 | loss: 0.023677 
Episode: 3230 | Steps: 823447/3000000 | Avg reward: 8.200000 | loss: 0.142262 
Episode: 3240 | Steps: 828648/3000000 | Avg reward: 15.000000 | loss: 0.008002 
Episode: 3250 | Steps: 832392/3000000 | Avg reward: 12.200000 | loss: 0.040664 
Episode: 3260 | Steps: 835603/3000000 | Avg reward: 10.300000 | loss: 0.028794 
Episode: 3270 | Steps: 839922/3000000 | Avg reward: 13.400000 | loss: 0.031309 
Episode: 3280 | Steps: 842938/3000000 | Avg reward: 9.300000 | loss: 0.040767 
Episode: 3290 | Steps: 845715/3000000 | Avg reward: 9.500000 | loss: 0.147252 
Episode: 3300 | Steps: 849025/3000000 | Avg reward: 11.000000 | loss: 0.024695 
Episode: 3310 | Steps: 852658/3000000 | Avg reward: 10.900000 | loss: 0.021633 
Episode: 3320 | Steps: 856586/3000000 | Avg reward: 12.800000 | loss: 0.037373 
Episode: 3330 | Steps: 859466/3000000 | Avg reward: 8.000000 | loss: 0.188574 
Episode: 3340 | Steps: 862820/3000000 | Avg reward: 11.100000 | loss: 0.041044 
Episode: 3350 | Steps: 865121/3000000 | Avg reward: 9.100000 | loss: 0.040559 
Episode: 3360 | Steps: 868795/3000000 | Avg reward: 11.800000 | loss: 0.035444 
Episode: 3370 | Steps: 874010/3000000 | Avg reward: 16.300000 | loss: 0.034495 
Episode: 3380 | Steps: 876928/3000000 | Avg reward: 11.000000 | loss: 0.038169 
Episode: 3390 | Steps: 880736/3000000 | Avg reward: 13.700000 | loss: 0.019842 
Episode: 3400 | Steps: 883951/3000000 | Avg reward: 10.300000 | loss: 0.038825 
Episode: 3410 | Steps: 887370/3000000 | Avg reward: 10.600000 | loss: 0.091965 
Episode: 3420 | Steps: 890771/3000000 | Avg reward: 10.000000 | loss: 0.023113 
Episode: 3430 | Steps: 897066/3000000 | Avg reward: 18.100000 | loss: 0.033792 
save model to dqn_best
Episode: 3440 | Steps: 900932/3000000 | Avg reward: 12.100000 | loss: 0.024317 
Episode: 3450 | Steps: 903123/3000000 | Avg reward: 7.800000 | loss: 0.042462 
Episode: 3460 | Steps: 905828/3000000 | Avg reward: 11.000000 | loss: 0.035451 
Episode: 3470 | Steps: 908250/3000000 | Avg reward: 9.000000 | loss: 0.047128 
Episode: 3480 | Steps: 910907/3000000 | Avg reward: 9.000000 | loss: 0.023769 
Episode: 3490 | Steps: 913946/3000000 | Avg reward: 10.800000 | loss: 0.029109 
Episode: 3500 | Steps: 917271/3000000 | Avg reward: 13.200000 | loss: 0.030748 
Episode: 3510 | Steps: 920314/3000000 | Avg reward: 10.300000 | loss: 0.027968 
Episode: 3520 | Steps: 926763/3000000 | Avg reward: 19.300000 | loss: 0.028797 
save model to dqn_best
Episode: 3530 | Steps: 931260/3000000 | Avg reward: 13.500000 | loss: 0.028275 
Episode: 3540 | Steps: 933986/3000000 | Avg reward: 9.500000 | loss: 0.020885 
Episode: 3550 | Steps: 938125/3000000 | Avg reward: 12.800000 | loss: 0.041350 
Episode: 3560 | Steps: 941942/3000000 | Avg reward: 13.700000 | loss: 0.037848 
Episode: 3570 | Steps: 944379/3000000 | Avg reward: 8.200000 | loss: 0.189547 
Episode: 3580 | Steps: 948624/3000000 | Avg reward: 13.500000 | loss: 0.025594 
Episode: 3590 | Steps: 951771/3000000 | Avg reward: 10.300000 | loss: 0.025716 
Episode: 3600 | Steps: 955077/3000000 | Avg reward: 11.900000 | loss: 0.043966 
Episode: 3610 | Steps: 957919/3000000 | Avg reward: 9.700000 | loss: 0.050006 
Episode: 3620 | Steps: 961027/3000000 | Avg reward: 9.900000 | loss: 0.040083 
Episode: 3630 | Steps: 964252/3000000 | Avg reward: 10.800000 | loss: 0.029109 
Episode: 3640 | Steps: 968132/3000000 | Avg reward: 14.100000 | loss: 0.022761 
Episode: 3650 | Steps: 971086/3000000 | Avg reward: 9.700000 | loss: 0.037095 
Episode: 3660 | Steps: 974274/3000000 | Avg reward: 11.500000 | loss: 0.041682 
Episode: 3670 | Steps: 976845/3000000 | Avg reward: 8.600000 | loss: 0.052641 
Episode: 3680 | Steps: 980656/3000000 | Avg reward: 14.200000 | loss: 0.031982 
Episode: 3690 | Steps: 983037/3000000 | Avg reward: 8.200000 | loss: 0.026427 
Episode: 3700 | Steps: 986739/3000000 | Avg reward: 12.200000 | loss: 0.020642 
Episode: 3710 | Steps: 989302/3000000 | Avg reward: 7.900000 | loss: 0.170954 
Episode: 3720 | Steps: 991957/3000000 | Avg reward: 10.400000 | loss: 0.021184 
Episode: 3730 | Steps: 994983/3000000 | Avg reward: 11.400000 | loss: 0.031076 
Episode: 3740 | Steps: 997535/3000000 | Avg reward: 9.400000 | loss: 0.089133 
save model to dqn
Episode: 3750 | Steps: 1001014/3000000 | Avg reward: 12.100000 | loss: 0.034242 
Episode: 3760 | Steps: 1004258/3000000 | Avg reward: 10.100000 | loss: 0.040582 
Episode: 3770 | Steps: 1006695/3000000 | Avg reward: 7.900000 | loss: 0.029585 
Episode: 3780 | Steps: 1009470/3000000 | Avg reward: 9.000000 | loss: 0.041760 
Episode: 3790 | Steps: 1013039/3000000 | Avg reward: 11.800000 | loss: 0.020615 
Episode: 3800 | Steps: 1015852/3000000 | Avg reward: 10.200000 | loss: 0.022048 
Episode: 3810 | Steps: 1018930/3000000 | Avg reward: 11.400000 | loss: 0.026552 
Episode: 3820 | Steps: 1022402/3000000 | Avg reward: 11.300000 | loss: 0.020384 
Episode: 3830 | Steps: 1024753/3000000 | Avg reward: 7.200000 | loss: 0.177254 
Episode: 3840 | Steps: 1028438/3000000 | Avg reward: 12.400000 | loss: 0.211558 
Episode: 3850 | Steps: 1030748/3000000 | Avg reward: 8.500000 | loss: 0.062020 
Episode: 3860 | Steps: 1033392/3000000 | Avg reward: 8.700000 | loss: 0.024440 
Episode: 3870 | Steps: 1036424/3000000 | Avg reward: 10.400000 | loss: 0.029080 
Episode: 3880 | Steps: 1039565/3000000 | Avg reward: 10.100000 | loss: 0.125273 
Episode: 3890 | Steps: 1042324/3000000 | Avg reward: 9.100000 | loss: 0.063569 
Episode: 3900 | Steps: 1045145/3000000 | Avg reward: 9.400000 | loss: 0.063096 
Episode: 3910 | Steps: 1049760/3000000 | Avg reward: 14.400000 | loss: 0.042397 
Episode: 3920 | Steps: 1052531/3000000 | Avg reward: 9.100000 | loss: 0.027266 
Episode: 3930 | Steps: 1055718/3000000 | Avg reward: 10.500000 | loss: 0.041838 
Episode: 3940 | Steps: 1058882/3000000 | Avg reward: 11.100000 | loss: 0.016736 
Episode: 3950 | Steps: 1062158/3000000 | Avg reward: 11.200000 | loss: 0.026150 
Episode: 3960 | Steps: 1065343/3000000 | Avg reward: 10.400000 | loss: 0.046725 
Episode: 3970 | Steps: 1068674/3000000 | Avg reward: 12.300000 | loss: 0.080945 
Episode: 3980 | Steps: 1072671/3000000 | Avg reward: 14.600000 | loss: 0.017170 
Episode: 3990 | Steps: 1075058/3000000 | Avg reward: 8.600000 | loss: 0.048938 
Episode: 4000 | Steps: 1077678/3000000 | Avg reward: 8.700000 | loss: 0.023516 
Episode: 4010 | Steps: 1083911/3000000 | Avg reward: 23.800000 | loss: 0.010509 
save model to dqn_best
Episode: 4020 | Steps: 1086957/3000000 | Avg reward: 12.400000 | loss: 0.027159 
Episode: 4030 | Steps: 1089256/3000000 | Avg reward: 7.800000 | loss: 0.043407 
Episode: 4040 | Steps: 1091938/3000000 | Avg reward: 10.000000 | loss: 0.066204 
Episode: 4050 | Steps: 1094542/3000000 | Avg reward: 10.000000 | loss: 0.033519 
Episode: 4060 | Steps: 1097200/3000000 | Avg reward: 11.100000 | loss: 0.039451 
Episode: 4070 | Steps: 1100318/3000000 | Avg reward: 11.400000 | loss: 0.050100 
Episode: 4080 | Steps: 1102921/3000000 | Avg reward: 9.400000 | loss: 0.039674 
Episode: 4090 | Steps: 1105442/3000000 | Avg reward: 8.700000 | loss: 0.037573 
Episode: 4100 | Steps: 1109223/3000000 | Avg reward: 14.700000 | loss: 0.024850 
Episode: 4110 | Steps: 1112182/3000000 | Avg reward: 11.800000 | loss: 0.030990 
Episode: 4120 | Steps: 1115153/3000000 | Avg reward: 11.000000 | loss: 0.012752 
Episode: 4130 | Steps: 1118281/3000000 | Avg reward: 11.100000 | loss: 0.017675 
Episode: 4140 | Steps: 1121135/3000000 | Avg reward: 10.000000 | loss: 0.028554 
Episode: 4150 | Steps: 1124136/3000000 | Avg reward: 10.800000 | loss: 0.016118 
Episode: 4160 | Steps: 1127634/3000000 | Avg reward: 13.300000 | loss: 0.027842 
Episode: 4170 | Steps: 1130418/3000000 | Avg reward: 10.100000 | loss: 0.043925 
Episode: 4180 | Steps: 1134177/3000000 | Avg reward: 14.300000 | loss: 0.070874 
Episode: 4190 | Steps: 1137260/3000000 | Avg reward: 11.200000 | loss: 0.023440 
Episode: 4200 | Steps: 1140179/3000000 | Avg reward: 10.600000 | loss: 0.055636 
Episode: 4210 | Steps: 1142602/3000000 | Avg reward: 8.600000 | loss: 0.066801 
Episode: 4220 | Steps: 1145910/3000000 | Avg reward: 11.100000 | loss: 0.026679 
Episode: 4230 | Steps: 1148828/3000000 | Avg reward: 10.000000 | loss: 0.039699 
Episode: 4240 | Steps: 1152508/3000000 | Avg reward: 10.700000 | loss: 0.181035 
Episode: 4250 | Steps: 1154771/3000000 | Avg reward: 7.300000 | loss: 0.065388 
Episode: 4260 | Steps: 1157717/3000000 | Avg reward: 9.600000 | loss: 0.042363 
Episode: 4270 | Steps: 1160906/3000000 | Avg reward: 11.600000 | loss: 0.197470 
Episode: 4280 | Steps: 1163477/3000000 | Avg reward: 9.400000 | loss: 0.032687 
Episode: 4290 | Steps: 1166457/3000000 | Avg reward: 9.400000 | loss: 0.035042 
Episode: 4300 | Steps: 1169062/3000000 | Avg reward: 10.400000 | loss: 0.029299 
Episode: 4310 | Steps: 1172393/3000000 | Avg reward: 12.400000 | loss: 0.032946 
Episode: 4320 | Steps: 1176366/3000000 | Avg reward: 14.700000 | loss: 0.023112 
Episode: 4330 | Steps: 1179288/3000000 | Avg reward: 9.900000 | loss: 0.027687 
Episode: 4340 | Steps: 1182428/3000000 | Avg reward: 11.500000 | loss: 0.014468 
Episode: 4350 | Steps: 1184713/3000000 | Avg reward: 8.100000 | loss: 0.054457 
Episode: 4360 | Steps: 1188370/3000000 | Avg reward: 14.800000 | loss: 0.169539 
Episode: 4370 | Steps: 1191698/3000000 | Avg reward: 10.400000 | loss: 0.024784 
Episode: 4380 | Steps: 1194785/3000000 | Avg reward: 11.300000 | loss: 0.051489 
Episode: 4390 | Steps: 1197751/3000000 | Avg reward: 11.800000 | loss: 0.019132 
save model to dqn
Episode: 4400 | Steps: 1200688/3000000 | Avg reward: 11.200000 | loss: 0.033110 
Episode: 4410 | Steps: 1203811/3000000 | Avg reward: 11.200000 | loss: 0.068955 
Episode: 4420 | Steps: 1206291/3000000 | Avg reward: 9.100000 | loss: 0.042620 
Episode: 4430 | Steps: 1211423/3000000 | Avg reward: 17.800000 | loss: 0.050087 
Episode: 4440 | Steps: 1214625/3000000 | Avg reward: 10.600000 | loss: 0.016975 
Episode: 4450 | Steps: 1218194/3000000 | Avg reward: 11.000000 | loss: 0.028683 
Episode: 4460 | Steps: 1221459/3000000 | Avg reward: 11.700000 | loss: 0.165527 
Episode: 4470 | Steps: 1225370/3000000 | Avg reward: 13.500000 | loss: 0.027690 
Episode: 4480 | Steps: 1229178/3000000 | Avg reward: 13.300000 | loss: 0.021489 
Episode: 4490 | Steps: 1232323/3000000 | Avg reward: 10.700000 | loss: 0.036378 
Episode: 4500 | Steps: 1235952/3000000 | Avg reward: 12.000000 | loss: 0.013109 
Episode: 4510 | Steps: 1238430/3000000 | Avg reward: 8.000000 | loss: 0.047737 
Episode: 4520 | Steps: 1242187/3000000 | Avg reward: 12.300000 | loss: 0.120176 
Episode: 4530 | Steps: 1244916/3000000 | Avg reward: 8.800000 | loss: 0.046418 
Episode: 4540 | Steps: 1247928/3000000 | Avg reward: 12.700000 | loss: 0.024894 
Episode: 4550 | Steps: 1251071/3000000 | Avg reward: 10.300000 | loss: 0.047109 
Episode: 4560 | Steps: 1253480/3000000 | Avg reward: 8.100000 | loss: 0.022748 
Episode: 4570 | Steps: 1256388/3000000 | Avg reward: 10.000000 | loss: 0.040284 
Episode: 4580 | Steps: 1259794/3000000 | Avg reward: 12.700000 | loss: 0.036462 
Episode: 4590 | Steps: 1262677/3000000 | Avg reward: 9.300000 | loss: 0.026428 
Episode: 4600 | Steps: 1266063/3000000 | Avg reward: 11.600000 | loss: 0.061944 
Episode: 4610 | Steps: 1269421/3000000 | Avg reward: 10.900000 | loss: 0.039739 
Episode: 4620 | Steps: 1273414/3000000 | Avg reward: 14.800000 | loss: 0.018123 
Episode: 4630 | Steps: 1275928/3000000 | Avg reward: 8.500000 | loss: 0.013941 
Episode: 4640 | Steps: 1280107/3000000 | Avg reward: 12.600000 | loss: 0.052872 
Episode: 4650 | Steps: 1282616/3000000 | Avg reward: 8.200000 | loss: 0.025813 
Episode: 4660 | Steps: 1288977/3000000 | Avg reward: 20.700000 | loss: 0.035677 
Episode: 4670 | Steps: 1295534/3000000 | Avg reward: 19.100000 | loss: 0.016376 
Episode: 4680 | Steps: 1303257/3000000 | Avg reward: 22.800000 | loss: 0.016626 
Episode: 4690 | Steps: 1304929/3000000 | Avg reward: 5.600000 | loss: 0.048022 
Episode: 4700 | Steps: 1309391/3000000 | Avg reward: 16.200000 | loss: 0.016513 
Episode: 4710 | Steps: 1314606/3000000 | Avg reward: 15.200000 | loss: 0.027158 
Episode: 4720 | Steps: 1321940/3000000 | Avg reward: 21.200000 | loss: 0.078379 
Episode: 4730 | Steps: 1324652/3000000 | Avg reward: 9.000000 | loss: 0.026659 
Episode: 4740 | Steps: 1327302/3000000 | Avg reward: 9.100000 | loss: 0.023362 
Episode: 4750 | Steps: 1331282/3000000 | Avg reward: 13.500000 | loss: 0.012341 
Episode: 4760 | Steps: 1335487/3000000 | Avg reward: 13.900000 | loss: 0.021348 
Episode: 4770 | Steps: 1339309/3000000 | Avg reward: 13.300000 | loss: 0.016570 
Episode: 4780 | Steps: 1342196/3000000 | Avg reward: 9.000000 | loss: 0.019180 
Episode: 4790 | Steps: 1346721/3000000 | Avg reward: 14.900000 | loss: 0.028990 
Episode: 4800 | Steps: 1353162/3000000 | Avg reward: 21.800000 | loss: 0.027392 
Episode: 4810 | Steps: 1355952/3000000 | Avg reward: 10.100000 | loss: 0.059931 
Episode: 4820 | Steps: 1359616/3000000 | Avg reward: 13.000000 | loss: 0.071006 
Episode: 4830 | Steps: 1363517/3000000 | Avg reward: 13.900000 | loss: 0.037456 
Episode: 4840 | Steps: 1370067/3000000 | Avg reward: 21.200000 | loss: 0.055950 
Episode: 4850 | Steps: 1372574/3000000 | Avg reward: 8.200000 | loss: 0.024235 
Episode: 4860 | Steps: 1376561/3000000 | Avg reward: 14.700000 | loss: 0.032595 
Episode: 4870 | Steps: 1379792/3000000 | Avg reward: 10.800000 | loss: 0.020312 
Episode: 4880 | Steps: 1385269/3000000 | Avg reward: 17.600000 | loss: 0.164530 
Episode: 4890 | Steps: 1387936/3000000 | Avg reward: 9.400000 | loss: 0.011930 
Episode: 4900 | Steps: 1390839/3000000 | Avg reward: 9.200000 | loss: 0.022565 
Episode: 4910 | Steps: 1393613/3000000 | Avg reward: 8.800000 | loss: 0.035982 
Episode: 4920 | Steps: 1396992/3000000 | Avg reward: 10.800000 | loss: 0.047097 
Episode: 4930 | Steps: 1399725/3000000 | Avg reward: 9.900000 | loss: 0.032778 
save model to dqn
Episode: 4940 | Steps: 1403974/3000000 | Avg reward: 14.000000 | loss: 0.412122 
Episode: 4950 | Steps: 1407091/3000000 | Avg reward: 9.700000 | loss: 0.011515 
Episode: 4960 | Steps: 1410231/3000000 | Avg reward: 10.500000 | loss: 0.041172 
Episode: 4970 | Steps: 1414243/3000000 | Avg reward: 14.600000 | loss: 0.023429 
Episode: 4980 | Steps: 1417408/3000000 | Avg reward: 12.100000 | loss: 0.025245 
Episode: 4990 | Steps: 1419484/3000000 | Avg reward: 6.100000 | loss: 0.025620 
Episode: 5000 | Steps: 1425245/3000000 | Avg reward: 20.200000 | loss: 0.081869 
Episode: 5010 | Steps: 1427916/3000000 | Avg reward: 9.400000 | loss: 0.045106 
Episode: 5020 | Steps: 1432159/3000000 | Avg reward: 14.300000 | loss: 0.028586 
Episode: 5030 | Steps: 1435712/3000000 | Avg reward: 12.400000 | loss: 0.048662 
Episode: 5040 | Steps: 1442377/3000000 | Avg reward: 21.100000 | loss: 0.040180 
Episode: 5050 | Steps: 1445552/3000000 | Avg reward: 10.800000 | loss: 0.060131 
Episode: 5060 | Steps: 1450560/3000000 | Avg reward: 16.000000 | loss: 0.050644 
Episode: 5070 | Steps: 1453131/3000000 | Avg reward: 8.600000 | loss: 0.096703 
Episode: 5080 | Steps: 1457021/3000000 | Avg reward: 13.600000 | loss: 0.052408 
Episode: 5090 | Steps: 1460274/3000000 | Avg reward: 11.600000 | loss: 0.036383 
Episode: 5100 | Steps: 1464416/3000000 | Avg reward: 14.800000 | loss: 0.033458 
Episode: 5110 | Steps: 1469335/3000000 | Avg reward: 18.400000 | loss: 0.054866 
Episode: 5120 | Steps: 1474580/3000000 | Avg reward: 18.100000 | loss: 0.047929 
Episode: 5130 | Steps: 1477540/3000000 | Avg reward: 11.600000 | loss: 0.025124 
Episode: 5140 | Steps: 1480954/3000000 | Avg reward: 11.800000 | loss: 0.042518 
Episode: 5150 | Steps: 1484925/3000000 | Avg reward: 14.800000 | loss: 0.026040 
Episode: 5160 | Steps: 1488270/3000000 | Avg reward: 10.100000 | loss: 0.030996 
Episode: 5170 | Steps: 1492682/3000000 | Avg reward: 14.500000 | loss: 0.028306 
Episode: 5180 | Steps: 1496709/3000000 | Avg reward: 14.800000 | loss: 0.025908 
Episode: 5190 | Steps: 1499708/3000000 | Avg reward: 10.100000 | loss: 0.037384 
Episode: 5200 | Steps: 1501512/3000000 | Avg reward: 6.900000 | loss: 0.027732 
Episode: 5210 | Steps: 1504379/3000000 | Avg reward: 9.300000 | loss: 0.020947 
Episode: 5220 | Steps: 1507205/3000000 | Avg reward: 10.100000 | loss: 0.040778 
Episode: 5230 | Steps: 1511185/3000000 | Avg reward: 11.200000 | loss: 0.035719 
Episode: 5240 | Steps: 1514183/3000000 | Avg reward: 9.600000 | loss: 0.020116 
Episode: 5250 | Steps: 1517733/3000000 | Avg reward: 11.200000 | loss: 0.041469 
Episode: 5260 | Steps: 1524279/3000000 | Avg reward: 19.800000 | loss: 0.082285 
Episode: 5270 | Steps: 1530359/3000000 | Avg reward: 19.700000 | loss: 0.054450 
Episode: 5280 | Steps: 1534314/3000000 | Avg reward: 11.800000 | loss: 0.031554 
Episode: 5290 | Steps: 1536756/3000000 | Avg reward: 8.000000 | loss: 0.054545 
Episode: 5300 | Steps: 1539288/3000000 | Avg reward: 8.200000 | loss: 0.033694 
Episode: 5310 | Steps: 1541854/3000000 | Avg reward: 8.400000 | loss: 0.038383 
Episode: 5320 | Steps: 1544706/3000000 | Avg reward: 9.500000 | loss: 0.078714 
Episode: 5330 | Steps: 1548223/3000000 | Avg reward: 10.900000 | loss: 0.025218 
Episode: 5340 | Steps: 1551194/3000000 | Avg reward: 8.600000 | loss: 0.061763 
Episode: 5350 | Steps: 1554420/3000000 | Avg reward: 10.900000 | loss: 0.129304 
Episode: 5360 | Steps: 1557759/3000000 | Avg reward: 9.800000 | loss: 0.066854 
Episode: 5370 | Steps: 1560534/3000000 | Avg reward: 8.200000 | loss: 0.017186 
Episode: 5380 | Steps: 1563650/3000000 | Avg reward: 11.000000 | loss: 0.099325 
Episode: 5390 | Steps: 1566524/3000000 | Avg reward: 10.200000 | loss: 0.046546 
Episode: 5400 | Steps: 1570275/3000000 | Avg reward: 12.300000 | loss: 0.033605 
Episode: 5410 | Steps: 1576564/3000000 | Avg reward: 19.100000 | loss: 0.024812 
Episode: 5420 | Steps: 1580561/3000000 | Avg reward: 13.800000 | loss: 0.015779 
Episode: 5430 | Steps: 1583130/3000000 | Avg reward: 8.100000 | loss: 0.030739 
Episode: 5440 | Steps: 1585799/3000000 | Avg reward: 8.800000 | loss: 0.057010 
Episode: 5450 | Steps: 1588546/3000000 | Avg reward: 9.600000 | loss: 0.022851 
Episode: 5460 | Steps: 1591193/3000000 | Avg reward: 7.800000 | loss: 0.038751 
Episode: 5470 | Steps: 1594219/3000000 | Avg reward: 9.500000 | loss: 0.036410 
Episode: 5480 | Steps: 1596321/3000000 | Avg reward: 6.600000 | loss: 0.017572 
Episode: 5490 | Steps: 1599468/3000000 | Avg reward: 10.600000 | loss: 0.047931 
save model to dqn
Episode: 5500 | Steps: 1602362/3000000 | Avg reward: 7.800000 | loss: 0.037715 
Episode: 5510 | Steps: 1604661/3000000 | Avg reward: 7.600000 | loss: 0.029155 
Episode: 5520 | Steps: 1606925/3000000 | Avg reward: 8.100000 | loss: 0.065774 
Episode: 5530 | Steps: 1610907/3000000 | Avg reward: 12.500000 | loss: 0.020470 
Episode: 5540 | Steps: 1613411/3000000 | Avg reward: 8.500000 | loss: 0.039405 
Episode: 5550 | Steps: 1616310/3000000 | Avg reward: 9.500000 | loss: 0.051422 
Episode: 5560 | Steps: 1620140/3000000 | Avg reward: 12.000000 | loss: 0.029250 
Episode: 5570 | Steps: 1622835/3000000 | Avg reward: 9.400000 | loss: 0.019693 
Episode: 5580 | Steps: 1626749/3000000 | Avg reward: 11.300000 | loss: 0.411771 
Episode: 5590 | Steps: 1632765/3000000 | Avg reward: 16.200000 | loss: 0.074800 
Episode: 5600 | Steps: 1637044/3000000 | Avg reward: 13.400000 | loss: 0.015991 
Episode: 5610 | Steps: 1639661/3000000 | Avg reward: 8.600000 | loss: 0.024996 
Episode: 5620 | Steps: 1645568/3000000 | Avg reward: 19.400000 | loss: 0.027477 
Episode: 5630 | Steps: 1649227/3000000 | Avg reward: 13.900000 | loss: 0.046965 
Episode: 5640 | Steps: 1654022/3000000 | Avg reward: 15.900000 | loss: 0.021839 
Episode: 5650 | Steps: 1656209/3000000 | Avg reward: 8.200000 | loss: 0.251236 
Episode: 5660 | Steps: 1659042/3000000 | Avg reward: 10.500000 | loss: 0.414767 
Episode: 5670 | Steps: 1661894/3000000 | Avg reward: 9.400000 | loss: 0.020868 
Episode: 5680 | Steps: 1665251/3000000 | Avg reward: 12.300000 | loss: 0.036780 
Episode: 5690 | Steps: 1668487/3000000 | Avg reward: 11.100000 | loss: 0.041127 
Episode: 5700 | Steps: 1671150/3000000 | Avg reward: 9.600000 | loss: 0.042004 
Episode: 5710 | Steps: 1674358/3000000 | Avg reward: 11.100000 | loss: 0.052641 
Episode: 5720 | Steps: 1677602/3000000 | Avg reward: 11.400000 | loss: 0.031958 
Episode: 5730 | Steps: 1680377/3000000 | Avg reward: 10.300000 | loss: 0.265468 
Episode: 5740 | Steps: 1682692/3000000 | Avg reward: 8.600000 | loss: 0.076364 
Episode: 5750 | Steps: 1685371/3000000 | Avg reward: 8.000000 | loss: 0.078213 
Episode: 5760 | Steps: 1688963/3000000 | Avg reward: 12.900000 | loss: 0.039480 
Episode: 5770 | Steps: 1692906/3000000 | Avg reward: 13.600000 | loss: 0.045930 
Episode: 5780 | Steps: 1695366/3000000 | Avg reward: 8.500000 | loss: 0.031650 
Episode: 5790 | Steps: 1699818/3000000 | Avg reward: 14.400000 | loss: 0.035970 
Episode: 5800 | Steps: 1702380/3000000 | Avg reward: 8.500000 | loss: 0.036463 
Episode: 5810 | Steps: 1705342/3000000 | Avg reward: 10.500000 | loss: 0.220941 
Episode: 5820 | Steps: 1710147/3000000 | Avg reward: 16.200000 | loss: 0.048670 
Episode: 5830 | Steps: 1712540/3000000 | Avg reward: 9.300000 | loss: 0.017778 
Episode: 5840 | Steps: 1715954/3000000 | Avg reward: 11.200000 | loss: 0.016164 
Episode: 5850 | Steps: 1720870/3000000 | Avg reward: 15.900000 | loss: 0.036666 
Episode: 5860 | Steps: 1723700/3000000 | Avg reward: 10.500000 | loss: 0.022714 
Episode: 5870 | Steps: 1726360/3000000 | Avg reward: 9.200000 | loss: 0.049785 
Episode: 5880 | Steps: 1728817/3000000 | Avg reward: 9.300000 | loss: 0.059072 
Episode: 5890 | Steps: 1733384/3000000 | Avg reward: 16.200000 | loss: 0.023966 
Episode: 5900 | Steps: 1738433/3000000 | Avg reward: 16.800000 | loss: 0.018157 
Episode: 5910 | Steps: 1741117/3000000 | Avg reward: 9.100000 | loss: 0.035920 
Episode: 5920 | Steps: 1746053/3000000 | Avg reward: 14.500000 | loss: 0.016249 
Episode: 5930 | Steps: 1748903/3000000 | Avg reward: 10.500000 | loss: 0.024989 
Episode: 5940 | Steps: 1754542/3000000 | Avg reward: 17.600000 | loss: 0.047333 
Episode: 5950 | Steps: 1757651/3000000 | Avg reward: 11.900000 | loss: 0.252746 
Episode: 5960 | Steps: 1761943/3000000 | Avg reward: 15.100000 | loss: 0.026798 
Episode: 5970 | Steps: 1765204/3000000 | Avg reward: 11.300000 | loss: 0.023453 
Episode: 5980 | Steps: 1769389/3000000 | Avg reward: 13.300000 | loss: 0.043716 
Episode: 5990 | Steps: 1772624/3000000 | Avg reward: 11.700000 | loss: 0.016243 
Episode: 6000 | Steps: 1777857/3000000 | Avg reward: 17.200000 | loss: 0.040421 
Episode: 6010 | Steps: 1780747/3000000 | Avg reward: 10.300000 | loss: 0.022950 
Episode: 6020 | Steps: 1783611/3000000 | Avg reward: 10.800000 | loss: 0.086823 
Episode: 6030 | Steps: 1788997/3000000 | Avg reward: 19.900000 | loss: 0.189722 
Episode: 6040 | Steps: 1798568/3000000 | Avg reward: 30.400000 | loss: 0.017663 
save model to dqn_best
save model to dqn
Episode: 6050 | Steps: 1805577/3000000 | Avg reward: 23.500000 | loss: 0.020855 
Episode: 6060 | Steps: 1811111/3000000 | Avg reward: 18.900000 | loss: 0.040129 
Episode: 6070 | Steps: 1814264/3000000 | Avg reward: 11.700000 | loss: 0.033730 
Episode: 6080 | Steps: 1819062/3000000 | Avg reward: 14.000000 | loss: 0.021239 
Episode: 6090 | Steps: 1823834/3000000 | Avg reward: 15.600000 | loss: 0.026065 
Episode: 6100 | Steps: 1827272/3000000 | Avg reward: 12.100000 | loss: 0.020635 
Episode: 6110 | Steps: 1830088/3000000 | Avg reward: 8.600000 | loss: 0.018539 
Episode: 6120 | Steps: 1832728/3000000 | Avg reward: 9.100000 | loss: 0.028029 
Episode: 6130 | Steps: 1837911/3000000 | Avg reward: 17.800000 | loss: 0.069221 
Episode: 6140 | Steps: 1842014/3000000 | Avg reward: 13.700000 | loss: 0.013462 
Episode: 6150 | Steps: 1844662/3000000 | Avg reward: 9.300000 | loss: 0.029007 
Episode: 6160 | Steps: 1850267/3000000 | Avg reward: 18.200000 | loss: 0.023249 
Episode: 6170 | Steps: 1853197/3000000 | Avg reward: 9.600000 | loss: 0.046301 
Episode: 6180 | Steps: 1856737/3000000 | Avg reward: 9.700000 | loss: 0.021558 
Episode: 6190 | Steps: 1862014/3000000 | Avg reward: 17.400000 | loss: 0.064890 
Episode: 6200 | Steps: 1871198/3000000 | Avg reward: 24.100000 | loss: 0.028419 
Episode: 6210 | Steps: 1875785/3000000 | Avg reward: 15.700000 | loss: 0.037837 
Episode: 6220 | Steps: 1878341/3000000 | Avg reward: 8.500000 | loss: 0.024267 
Episode: 6230 | Steps: 1880552/3000000 | Avg reward: 7.800000 | loss: 0.121943 
Episode: 6240 | Steps: 1884130/3000000 | Avg reward: 12.200000 | loss: 0.030935 
Episode: 6250 | Steps: 1887433/3000000 | Avg reward: 11.300000 | loss: 0.062215 
Episode: 6260 | Steps: 1890139/3000000 | Avg reward: 8.800000 | loss: 0.043034 
Episode: 6270 | Steps: 1893122/3000000 | Avg reward: 10.600000 | loss: 0.019415 
Episode: 6280 | Steps: 1897603/3000000 | Avg reward: 16.300000 | loss: 0.027934 
Episode: 6290 | Steps: 1900906/3000000 | Avg reward: 11.500000 | loss: 0.019831 
Episode: 6300 | Steps: 1905743/3000000 | Avg reward: 17.100000 | loss: 0.043208 
Episode: 6310 | Steps: 1908697/3000000 | Avg reward: 10.300000 | loss: 0.027014 
Episode: 6320 | Steps: 1911187/3000000 | Avg reward: 10.100000 | loss: 0.050550 
Episode: 6330 | Steps: 1916425/3000000 | Avg reward: 17.400000 | loss: 0.040185 
Episode: 6340 | Steps: 1920687/3000000 | Avg reward: 15.900000 | loss: 0.026682 
Episode: 6350 | Steps: 1924966/3000000 | Avg reward: 13.200000 | loss: 0.027816 
Episode: 6360 | Steps: 1930617/3000000 | Avg reward: 21.000000 | loss: 0.049856 
Episode: 6370 | Steps: 1934639/3000000 | Avg reward: 14.400000 | loss: 0.029042 
Episode: 6380 | Steps: 1938517/3000000 | Avg reward: 12.900000 | loss: 0.030936 
Episode: 6390 | Steps: 1942071/3000000 | Avg reward: 13.400000 | loss: 0.042681 
Episode: 6400 | Steps: 1944665/3000000 | Avg reward: 9.900000 | loss: 0.052761 
Episode: 6410 | Steps: 1947580/3000000 | Avg reward: 9.400000 | loss: 0.023087 
Episode: 6420 | Steps: 1950674/3000000 | Avg reward: 11.800000 | loss: 0.025608 
Episode: 6430 | Steps: 1954975/3000000 | Avg reward: 14.300000 | loss: 0.041617 
Episode: 6440 | Steps: 1958129/3000000 | Avg reward: 11.900000 | loss: 0.055549 
Episode: 6450 | Steps: 1961133/3000000 | Avg reward: 11.400000 | loss: 0.041049 
Episode: 6460 | Steps: 1964892/3000000 | Avg reward: 13.600000 | loss: 0.058034 
Episode: 6470 | Steps: 1968792/3000000 | Avg reward: 13.700000 | loss: 0.035231 
Episode: 6480 | Steps: 1972651/3000000 | Avg reward: 14.500000 | loss: 0.071072 
Episode: 6490 | Steps: 1976435/3000000 | Avg reward: 14.800000 | loss: 0.025486 
Episode: 6500 | Steps: 1978892/3000000 | Avg reward: 10.100000 | loss: 0.152992 
Episode: 6510 | Steps: 1982628/3000000 | Avg reward: 13.300000 | loss: 0.033598 
Episode: 6520 | Steps: 1985368/3000000 | Avg reward: 11.000000 | loss: 0.026249 
Episode: 6530 | Steps: 1990908/3000000 | Avg reward: 19.600000 | loss: 0.032141 
Episode: 6540 | Steps: 1998128/3000000 | Avg reward: 21.600000 | loss: 0.136385 
save model to dqn
Episode: 6550 | Steps: 2002915/3000000 | Avg reward: 16.000000 | loss: 0.035366 
Episode: 6560 | Steps: 2008853/3000000 | Avg reward: 20.200000 | loss: 0.305153 
Episode: 6570 | Steps: 2011764/3000000 | Avg reward: 10.200000 | loss: 0.042838 
Episode: 6580 | Steps: 2017806/3000000 | Avg reward: 18.800000 | loss: 0.036744 
Episode: 6590 | Steps: 2022431/3000000 | Avg reward: 17.400000 | loss: 0.024850 
Episode: 6600 | Steps: 2025171/3000000 | Avg reward: 10.800000 | loss: 0.025652 
Episode: 6610 | Steps: 2028391/3000000 | Avg reward: 12.000000 | loss: 0.024069 
Episode: 6620 | Steps: 2030909/3000000 | Avg reward: 8.700000 | loss: 0.019081 
Episode: 6630 | Steps: 2034345/3000000 | Avg reward: 11.300000 | loss: 0.030677 
Episode: 6640 | Steps: 2037959/3000000 | Avg reward: 13.300000 | loss: 0.016738 
Episode: 6650 | Steps: 2041521/3000000 | Avg reward: 14.000000 | loss: 0.065041 
Episode: 6660 | Steps: 2044726/3000000 | Avg reward: 12.600000 | loss: 0.026404 
Episode: 6670 | Steps: 2048362/3000000 | Avg reward: 12.800000 | loss: 0.024724 
Episode: 6680 | Steps: 2052246/3000000 | Avg reward: 14.900000 | loss: 0.028424 
Episode: 6690 | Steps: 2056852/3000000 | Avg reward: 15.700000 | loss: 0.023320 
Episode: 6700 | Steps: 2060442/3000000 | Avg reward: 12.800000 | loss: 0.020627 
Episode: 6710 | Steps: 2063768/3000000 | Avg reward: 12.800000 | loss: 0.025089 
Episode: 6720 | Steps: 2068227/3000000 | Avg reward: 14.800000 | loss: 0.016048 
Episode: 6730 | Steps: 2070721/3000000 | Avg reward: 8.800000 | loss: 0.023411 
Episode: 6740 | Steps: 2073738/3000000 | Avg reward: 11.200000 | loss: 0.032793 
Episode: 6750 | Steps: 2077688/3000000 | Avg reward: 13.800000 | loss: 0.019407 
Episode: 6760 | Steps: 2083706/3000000 | Avg reward: 19.500000 | loss: 0.029408 
Episode: 6770 | Steps: 2087477/3000000 | Avg reward: 14.100000 | loss: 0.052114 
Episode: 6780 | Steps: 2092312/3000000 | Avg reward: 17.400000 | loss: 0.238306 
Episode: 6790 | Steps: 2096315/3000000 | Avg reward: 15.800000 | loss: 0.036525 
Episode: 6800 | Steps: 2101187/3000000 | Avg reward: 17.200000 | loss: 0.031771 
Episode: 6810 | Steps: 2106533/3000000 | Avg reward: 19.200000 | loss: 0.060588 
Episode: 6820 | Steps: 2112438/3000000 | Avg reward: 20.700000 | loss: 0.025181 
Episode: 6830 | Steps: 2116980/3000000 | Avg reward: 14.500000 | loss: 0.032521 
Episode: 6840 | Steps: 2121689/3000000 | Avg reward: 16.200000 | loss: 0.020626 
Episode: 6850 | Steps: 2125802/3000000 | Avg reward: 12.000000 | loss: 0.041936 
Episode: 6860 | Steps: 2129058/3000000 | Avg reward: 11.900000 | loss: 0.036970 
Episode: 6870 | Steps: 2132204/3000000 | Avg reward: 10.900000 | loss: 0.028205 
Episode: 6880 | Steps: 2136412/3000000 | Avg reward: 13.100000 | loss: 0.033631 
Episode: 6890 | Steps: 2140358/3000000 | Avg reward: 9.700000 | loss: 0.026959 
Episode: 6900 | Steps: 2143008/3000000 | Avg reward: 9.500000 | loss: 0.019727 
Episode: 6910 | Steps: 2147290/3000000 | Avg reward: 14.100000 | loss: 0.044182 
Episode: 6920 | Steps: 2150583/3000000 | Avg reward: 11.600000 | loss: 0.048826 
Episode: 6930 | Steps: 2153575/3000000 | Avg reward: 11.400000 | loss: 0.126878 
Episode: 6940 | Steps: 2158727/3000000 | Avg reward: 17.600000 | loss: 0.035991 
Episode: 6950 | Steps: 2164087/3000000 | Avg reward: 18.400000 | loss: 0.045131 
Episode: 6960 | Steps: 2169807/3000000 | Avg reward: 19.100000 | loss: 0.032169 
Episode: 6970 | Steps: 2172298/3000000 | Avg reward: 10.200000 | loss: 0.027918 
Episode: 6980 | Steps: 2175087/3000000 | Avg reward: 10.700000 | loss: 0.025793 
Episode: 6990 | Steps: 2177974/3000000 | Avg reward: 10.100000 | loss: 0.038317 
Episode: 7000 | Steps: 2181333/3000000 | Avg reward: 13.400000 | loss: 0.046144 
Episode: 7010 | Steps: 2185074/3000000 | Avg reward: 14.100000 | loss: 0.054658 
Episode: 7020 | Steps: 2189908/3000000 | Avg reward: 15.000000 | loss: 0.231630 
Episode: 7030 | Steps: 2192823/3000000 | Avg reward: 9.700000 | loss: 0.123114 
Episode: 7040 | Steps: 2196028/3000000 | Avg reward: 12.900000 | loss: 0.023081 
Episode: 7050 | Steps: 2199511/3000000 | Avg reward: 12.800000 | loss: 0.033042 
save model to dqn
Episode: 7060 | Steps: 2202560/3000000 | Avg reward: 10.300000 | loss: 0.022708 
Episode: 7070 | Steps: 2205602/3000000 | Avg reward: 10.400000 | loss: 0.041474 
Episode: 7080 | Steps: 2207856/3000000 | Avg reward: 8.300000 | loss: 0.065250 
Episode: 7090 | Steps: 2211577/3000000 | Avg reward: 15.100000 | loss: 0.493628 
Episode: 7100 | Steps: 2215058/3000000 | Avg reward: 14.400000 | loss: 0.026387 
Episode: 7110 | Steps: 2218050/3000000 | Avg reward: 10.900000 | loss: 0.035152 
Episode: 7120 | Steps: 2221120/3000000 | Avg reward: 9.800000 | loss: 0.055728 
Episode: 7130 | Steps: 2223806/3000000 | Avg reward: 8.700000 | loss: 0.027243 
Episode: 7140 | Steps: 2227697/3000000 | Avg reward: 12.900000 | loss: 0.068874 
Episode: 7150 | Steps: 2233877/3000000 | Avg reward: 22.300000 | loss: 0.056708 
Episode: 7160 | Steps: 2240849/3000000 | Avg reward: 22.300000 | loss: 0.082883 
Episode: 7170 | Steps: 2247593/3000000 | Avg reward: 19.600000 | loss: 0.025351 
Episode: 7180 | Steps: 2251821/3000000 | Avg reward: 14.200000 | loss: 0.079944 
Episode: 7190 | Steps: 2256278/3000000 | Avg reward: 15.300000 | loss: 0.032557 
Episode: 7200 | Steps: 2264015/3000000 | Avg reward: 23.600000 | loss: 0.010334 
Episode: 7210 | Steps: 2269549/3000000 | Avg reward: 15.900000 | loss: 0.023862 
Episode: 7220 | Steps: 2274965/3000000 | Avg reward: 20.300000 | loss: 0.035774 
Episode: 7230 | Steps: 2280780/3000000 | Avg reward: 19.100000 | loss: 0.057484 
Episode: 7240 | Steps: 2285987/3000000 | Avg reward: 14.900000 | loss: 0.056011 
Episode: 7250 | Steps: 2291552/3000000 | Avg reward: 18.800000 | loss: 0.023457 
Episode: 7260 | Steps: 2299468/3000000 | Avg reward: 24.000000 | loss: 0.042655 
Episode: 7270 | Steps: 2303831/3000000 | Avg reward: 12.400000 | loss: 0.029535 
Episode: 7280 | Steps: 2306796/3000000 | Avg reward: 10.100000 | loss: 0.013597 
Episode: 7290 | Steps: 2311769/3000000 | Avg reward: 16.900000 | loss: 0.065772 
Episode: 7300 | Steps: 2314931/3000000 | Avg reward: 10.200000 | loss: 0.036383 
Episode: 7310 | Steps: 2319170/3000000 | Avg reward: 16.300000 | loss: 0.064944 
Episode: 7320 | Steps: 2324038/3000000 | Avg reward: 16.900000 | loss: 0.018802 
Episode: 7330 | Steps: 2328519/3000000 | Avg reward: 15.600000 | loss: 0.029116 
Episode: 7340 | Steps: 2333222/3000000 | Avg reward: 14.800000 | loss: 0.022017 
Episode: 7350 | Steps: 2339830/3000000 | Avg reward: 21.700000 | loss: 0.029615 
Episode: 7360 | Steps: 2345481/3000000 | Avg reward: 20.200000 | loss: 0.025940 
Episode: 7370 | Steps: 2351201/3000000 | Avg reward: 18.300000 | loss: 0.014488 
Episode: 7380 | Steps: 2354560/3000000 | Avg reward: 13.000000 | loss: 0.016890 
Episode: 7390 | Steps: 2360868/3000000 | Avg reward: 24.200000 | loss: 0.043528 
Episode: 7400 | Steps: 2364501/3000000 | Avg reward: 14.300000 | loss: 0.021349 
Episode: 7410 | Steps: 2367413/3000000 | Avg reward: 10.100000 | loss: 0.128007 
Episode: 7420 | Steps: 2370514/3000000 | Avg reward: 11.500000 | loss: 0.034694 
Episode: 7430 | Steps: 2373448/3000000 | Avg reward: 12.000000 | loss: 0.026864 
Episode: 7440 | Steps: 2377412/3000000 | Avg reward: 14.600000 | loss: 0.108529 
Episode: 7450 | Steps: 2381673/3000000 | Avg reward: 16.500000 | loss: 0.025907 
Episode: 7460 | Steps: 2386233/3000000 | Avg reward: 16.600000 | loss: 0.033510 
Episode: 7470 | Steps: 2390147/3000000 | Avg reward: 15.600000 | loss: 0.028092 
Episode: 7480 | Steps: 2396843/3000000 | Avg reward: 24.600000 | loss: 0.027658 
save model to dqn
Episode: 7490 | Steps: 2400100/3000000 | Avg reward: 12.900000 | loss: 0.029912 
Episode: 7500 | Steps: 2403749/3000000 | Avg reward: 13.900000 | loss: 0.027142 
Episode: 7510 | Steps: 2408471/3000000 | Avg reward: 16.000000 | loss: 0.050608 
Episode: 7520 | Steps: 2415512/3000000 | Avg reward: 22.800000 | loss: 0.014629 
Episode: 7530 | Steps: 2420143/3000000 | Avg reward: 16.300000 | loss: 0.018840 
Episode: 7540 | Steps: 2424439/3000000 | Avg reward: 16.100000 | loss: 0.030758 
Episode: 7550 | Steps: 2432525/3000000 | Avg reward: 26.500000 | loss: 0.017396 
Episode: 7560 | Steps: 2435427/3000000 | Avg reward: 10.100000 | loss: 0.026356 
Episode: 7570 | Steps: 2438287/3000000 | Avg reward: 10.800000 | loss: 0.037203 
Episode: 7580 | Steps: 2441950/3000000 | Avg reward: 14.200000 | loss: 0.027471 
Episode: 7590 | Steps: 2446068/3000000 | Avg reward: 14.300000 | loss: 0.021634 
Episode: 7600 | Steps: 2448993/3000000 | Avg reward: 12.300000 | loss: 0.027743 
Episode: 7610 | Steps: 2453192/3000000 | Avg reward: 14.500000 | loss: 0.018975 
Episode: 7620 | Steps: 2455254/3000000 | Avg reward: 8.800000 | loss: 0.040719 
Episode: 7630 | Steps: 2458037/3000000 | Avg reward: 11.400000 | loss: 0.059164 
Episode: 7640 | Steps: 2460643/3000000 | Avg reward: 9.700000 | loss: 0.026819 
Episode: 7650 | Steps: 2463837/3000000 | Avg reward: 11.500000 | loss: 0.056187 
Episode: 7660 | Steps: 2466537/3000000 | Avg reward: 9.500000 | loss: 0.088935 
Episode: 7670 | Steps: 2470837/3000000 | Avg reward: 16.100000 | loss: 0.029078 
Episode: 7680 | Steps: 2475951/3000000 | Avg reward: 18.400000 | loss: 0.049424 
Episode: 7690 | Steps: 2481200/3000000 | Avg reward: 20.300000 | loss: 0.032179 
Episode: 7700 | Steps: 2483810/3000000 | Avg reward: 8.400000 | loss: 0.030443 
Episode: 7710 | Steps: 2487597/3000000 | Avg reward: 13.900000 | loss: 0.071177 
Episode: 7720 | Steps: 2491730/3000000 | Avg reward: 16.400000 | loss: 0.039864 
Episode: 7730 | Steps: 2496027/3000000 | Avg reward: 15.300000 | loss: 0.033350 
Episode: 7740 | Steps: 2500264/3000000 | Avg reward: 17.200000 | loss: 0.057158 
Episode: 7750 | Steps: 2503931/3000000 | Avg reward: 15.100000 | loss: 0.018882 
Episode: 7760 | Steps: 2508738/3000000 | Avg reward: 19.000000 | loss: 0.144568 
Episode: 7770 | Steps: 2511427/3000000 | Avg reward: 9.900000 | loss: 0.028790 
Episode: 7780 | Steps: 2518171/3000000 | Avg reward: 25.500000 | loss: 0.035734 
Episode: 7790 | Steps: 2522164/3000000 | Avg reward: 15.900000 | loss: 0.120688 
Episode: 7800 | Steps: 2527265/3000000 | Avg reward: 17.700000 | loss: 0.024452 
Episode: 7810 | Steps: 2534722/3000000 | Avg reward: 23.600000 | loss: 0.017090 
Episode: 7820 | Steps: 2540165/3000000 | Avg reward: 18.100000 | loss: 0.060859 
Episode: 7830 | Steps: 2543217/3000000 | Avg reward: 11.600000 | loss: 0.034170 
Episode: 7840 | Steps: 2548166/3000000 | Avg reward: 18.800000 | loss: 0.042964 
Episode: 7850 | Steps: 2550910/3000000 | Avg reward: 11.000000 | loss: 0.035868 
Episode: 7860 | Steps: 2557037/3000000 | Avg reward: 21.600000 | loss: 0.031070 
Episode: 7870 | Steps: 2560758/3000000 | Avg reward: 14.600000 | loss: 0.088015 
Episode: 7880 | Steps: 2565033/3000000 | Avg reward: 13.600000 | loss: 0.040200 
Episode: 7890 | Steps: 2567532/3000000 | Avg reward: 9.500000 | loss: 0.056241 
Episode: 7900 | Steps: 2570272/3000000 | Avg reward: 10.700000 | loss: 0.034864 
Episode: 7910 | Steps: 2574703/3000000 | Avg reward: 15.900000 | loss: 0.031974 
Episode: 7920 | Steps: 2578208/3000000 | Avg reward: 14.400000 | loss: 0.049454 
Episode: 7930 | Steps: 2581650/3000000 | Avg reward: 13.500000 | loss: 0.045484 
Episode: 7940 | Steps: 2585693/3000000 | Avg reward: 15.100000 | loss: 0.021280 
Episode: 7950 | Steps: 2588822/3000000 | Avg reward: 11.500000 | loss: 0.034506 
Episode: 7960 | Steps: 2591927/3000000 | Avg reward: 12.400000 | loss: 0.284167 
Episode: 7970 | Steps: 2594919/3000000 | Avg reward: 12.800000 | loss: 0.041921 
Episode: 7980 | Steps: 2598124/3000000 | Avg reward: 13.900000 | loss: 0.031278 
save model to dqn
Episode: 7990 | Steps: 2602988/3000000 | Avg reward: 19.100000 | loss: 0.051672 
Episode: 8000 | Steps: 2606580/3000000 | Avg reward: 12.900000 | loss: 0.057366 
Episode: 8010 | Steps: 2610505/3000000 | Avg reward: 13.800000 | loss: 0.045823 
Episode: 8020 | Steps: 2614533/3000000 | Avg reward: 14.900000 | loss: 0.033326 
Episode: 8030 | Steps: 2618210/3000000 | Avg reward: 12.700000 | loss: 0.015904 
Episode: 8040 | Steps: 2623009/3000000 | Avg reward: 17.200000 | loss: 0.036095 
Episode: 8050 | Steps: 2627799/3000000 | Avg reward: 18.800000 | loss: 0.037409 
Episode: 8060 | Steps: 2633524/3000000 | Avg reward: 23.300000 | loss: 0.087471 
Episode: 8070 | Steps: 2638428/3000000 | Avg reward: 18.800000 | loss: 0.038988 
Episode: 8080 | Steps: 2644680/3000000 | Avg reward: 23.700000 | loss: 0.047408 
Episode: 8090 | Steps: 2651200/3000000 | Avg reward: 26.700000 | loss: 0.024774 
Episode: 8100 | Steps: 2656088/3000000 | Avg reward: 19.700000 | loss: 0.033927 
Episode: 8110 | Steps: 2661464/3000000 | Avg reward: 18.900000 | loss: 0.034750 
Episode: 8120 | Steps: 2663720/3000000 | Avg reward: 9.500000 | loss: 0.032332 
Episode: 8130 | Steps: 2666113/3000000 | Avg reward: 10.400000 | loss: 0.011241 
Episode: 8140 | Steps: 2670094/3000000 | Avg reward: 15.300000 | loss: 0.030088 
Episode: 8150 | Steps: 2673088/3000000 | Avg reward: 11.400000 | loss: 0.070385 
Episode: 8160 | Steps: 2677023/3000000 | Avg reward: 15.800000 | loss: 0.030158 
Episode: 8170 | Steps: 2681143/3000000 | Avg reward: 16.000000 | loss: 0.012003 
Episode: 8180 | Steps: 2684276/3000000 | Avg reward: 11.600000 | loss: 0.120277 
Episode: 8190 | Steps: 2689520/3000000 | Avg reward: 21.000000 | loss: 0.031392 
Episode: 8200 | Steps: 2694889/3000000 | Avg reward: 20.900000 | loss: 0.044144 
Episode: 8210 | Steps: 2699091/3000000 | Avg reward: 16.400000 | loss: 0.014065 
Episode: 8220 | Steps: 2703251/3000000 | Avg reward: 17.700000 | loss: 0.030421 
Episode: 8230 | Steps: 2706256/3000000 | Avg reward: 11.700000 | loss: 0.027910 
Episode: 8240 | Steps: 2710340/3000000 | Avg reward: 17.100000 | loss: 0.047250 
Episode: 8250 | Steps: 2715133/3000000 | Avg reward: 16.500000 | loss: 0.075483 
Episode: 8260 | Steps: 2719577/3000000 | Avg reward: 16.100000 | loss: 0.041891 
Episode: 8270 | Steps: 2722453/3000000 | Avg reward: 11.100000 | loss: 0.023720 
Episode: 8280 | Steps: 2725317/3000000 | Avg reward: 11.200000 | loss: 0.015583 
Episode: 8290 | Steps: 2727902/3000000 | Avg reward: 10.000000 | loss: 0.050053 
Episode: 8300 | Steps: 2730974/3000000 | Avg reward: 12.900000 | loss: 0.019454 
Episode: 8310 | Steps: 2734297/3000000 | Avg reward: 12.400000 | loss: 0.047570 
Episode: 8320 | Steps: 2738929/3000000 | Avg reward: 17.900000 | loss: 0.049928 
Episode: 8330 | Steps: 2743136/3000000 | Avg reward: 16.900000 | loss: 0.033841 
Episode: 8340 | Steps: 2745976/3000000 | Avg reward: 11.800000 | loss: 0.021444 
Episode: 8350 | Steps: 2750405/3000000 | Avg reward: 17.500000 | loss: 0.026654 
Episode: 8360 | Steps: 2753075/3000000 | Avg reward: 9.700000 | loss: 0.049076 
Episode: 8370 | Steps: 2756581/3000000 | Avg reward: 12.400000 | loss: 0.039554 
Episode: 8380 | Steps: 2759655/3000000 | Avg reward: 12.100000 | loss: 0.028847 
Episode: 8390 | Steps: 2763834/3000000 | Avg reward: 16.000000 | loss: 0.037817 
Episode: 8400 | Steps: 2768093/3000000 | Avg reward: 16.600000 | loss: 0.042043 
Episode: 8410 | Steps: 2771779/3000000 | Avg reward: 13.400000 | loss: 0.050986 
Episode: 8420 | Steps: 2776363/3000000 | Avg reward: 16.800000 | loss: 0.078701 
Episode: 8430 | Steps: 2781524/3000000 | Avg reward: 19.400000 | loss: 0.014595 
Episode: 8440 | Steps: 2784784/3000000 | Avg reward: 14.000000 | loss: 0.047923 
Episode: 8450 | Steps: 2788882/3000000 | Avg reward: 15.400000 | loss: 0.024384 
Episode: 8460 | Steps: 2791241/3000000 | Avg reward: 9.100000 | loss: 0.030508 
Episode: 8470 | Steps: 2793508/3000000 | Avg reward: 9.200000 | loss: 0.041989 
Episode: 8480 | Steps: 2798339/3000000 | Avg reward: 18.100000 | loss: 0.067184 
save model to dqn
Episode: 8490 | Steps: 2801213/3000000 | Avg reward: 11.900000 | loss: 0.044509 
Episode: 8500 | Steps: 2804013/3000000 | Avg reward: 11.900000 | loss: 0.026286 
Episode: 8510 | Steps: 2807306/3000000 | Avg reward: 13.100000 | loss: 0.027838 
Episode: 8520 | Steps: 2812119/3000000 | Avg reward: 19.100000 | loss: 0.055778 
Episode: 8530 | Steps: 2815566/3000000 | Avg reward: 11.600000 | loss: 0.047687 
Episode: 8540 | Steps: 2818799/3000000 | Avg reward: 12.700000 | loss: 0.058413 
Episode: 8550 | Steps: 2822549/3000000 | Avg reward: 14.200000 | loss: 0.053675 
Episode: 8560 | Steps: 2826687/3000000 | Avg reward: 16.200000 | loss: 0.047105 
Episode: 8570 | Steps: 2829673/3000000 | Avg reward: 11.900000 | loss: 0.046052 
Episode: 8580 | Steps: 2834719/3000000 | Avg reward: 19.300000 | loss: 0.017551 
Episode: 8590 | Steps: 2839092/3000000 | Avg reward: 15.300000 | loss: 0.035282 
Episode: 8600 | Steps: 2843203/3000000 | Avg reward: 15.800000 | loss: 0.028162 
Episode: 8610 | Steps: 2846454/3000000 | Avg reward: 12.000000 | loss: 0.066461 
Episode: 8620 | Steps: 2850059/3000000 | Avg reward: 14.400000 | loss: 0.011188 
Episode: 8630 | Steps: 2853157/3000000 | Avg reward: 11.100000 | loss: 0.047830 
Episode: 8640 | Steps: 2856143/3000000 | Avg reward: 11.900000 | loss: 0.039314 
Episode: 8650 | Steps: 2858643/3000000 | Avg reward: 9.800000 | loss: 0.044840 
Episode: 8660 | Steps: 2861800/3000000 | Avg reward: 12.600000 | loss: 0.038924 
Episode: 8670 | Steps: 2864501/3000000 | Avg reward: 10.900000 | loss: 0.036311 
Episode: 8680 | Steps: 2868483/3000000 | Avg reward: 14.900000 | loss: 0.073945 
Episode: 8690 | Steps: 2872959/3000000 | Avg reward: 19.500000 | loss: 0.041920 
Episode: 8700 | Steps: 2878276/3000000 | Avg reward: 19.900000 | loss: 0.036149 
Episode: 8710 | Steps: 2882599/3000000 | Avg reward: 17.100000 | loss: 0.015619 
Episode: 8720 | Steps: 2885994/3000000 | Avg reward: 12.900000 | loss: 0.021824 
Episode: 8730 | Steps: 2889478/3000000 | Avg reward: 14.300000 | loss: 0.022940 
Episode: 8740 | Steps: 2892836/3000000 | Avg reward: 14.300000 | loss: 0.020026 
Episode: 8750 | Steps: 2896483/3000000 | Avg reward: 12.500000 | loss: 0.059042 
Episode: 8760 | Steps: 2901477/3000000 | Avg reward: 19.400000 | loss: 0.047575 
Episode: 8770 | Steps: 2904744/3000000 | Avg reward: 13.900000 | loss: 0.050606 
Episode: 8780 | Steps: 2909156/3000000 | Avg reward: 16.900000 | loss: 0.029384 
Episode: 8790 | Steps: 2911870/3000000 | Avg reward: 10.100000 | loss: 0.020206 
Episode: 8800 | Steps: 2914767/3000000 | Avg reward: 13.200000 | loss: 0.043139 
Episode: 8810 | Steps: 2918889/3000000 | Avg reward: 16.300000 | loss: 0.026291 
Episode: 8820 | Steps: 2925399/3000000 | Avg reward: 24.900000 | loss: 0.036972 
Episode: 8830 | Steps: 2928140/3000000 | Avg reward: 10.400000 | loss: 0.018000 
Episode: 8840 | Steps: 2932950/3000000 | Avg reward: 19.100000 | loss: 0.455168 
Episode: 8850 | Steps: 2936473/3000000 | Avg reward: 13.600000 | loss: 0.363164 
Episode: 8860 | Steps: 2940881/3000000 | Avg reward: 17.500000 | loss: 0.025290 
Episode: 8870 | Steps: 2943814/3000000 | Avg reward: 12.600000 | loss: 0.021175 
Episode: 8880 | Steps: 2946845/3000000 | Avg reward: 11.600000 | loss: 0.069401 
Episode: 8890 | Steps: 2950432/3000000 | Avg reward: 14.700000 | loss: 0.023541 
Episode: 8900 | Steps: 2954325/3000000 | Avg reward: 14.900000 | loss: 0.061256 
Episode: 8910 | Steps: 2957468/3000000 | Avg reward: 11.900000 | loss: 0.021725 
Episode: 8920 | Steps: 2961440/3000000 | Avg reward: 15.700000 | loss: 0.032408 
Episode: 8930 | Steps: 2965070/3000000 | Avg reward: 14.700000 | loss: 0.017264 
Episode: 8940 | Steps: 2971334/3000000 | Avg reward: 23.700000 | loss: 0.019642 
Episode: 8950 | Steps: 2974570/3000000 | Avg reward: 12.100000 | loss: 0.012490 
Episode: 8960 | Steps: 2982345/3000000 | Avg reward: 29.600000 | loss: 0.052958 
Episode: 8970 | Steps: 2986892/3000000 | Avg reward: 18.600000 | loss: 0.021170 
Episode: 8980 | Steps: 2993620/3000000 | Avg reward: 22.800000 | loss: 0.027222 
Episode: 8990 | Steps: 2996276/3000000 | Avg reward: 9.700000 | loss: 0.046832 
save model to dqn
save model to dqn
